app/build/intermediates/manifest_merge_blame_file/release/processReleaseMainManifest/manifest-merger-blame-release-report.txt
1<?xml version="1.0" encoding="utf-8"?>
2<manifest xmlns:android="http://schemas.android.com/apk/res/android"
3    package="com.techmeeva.chogadiyawidgets"
4    android:versionCode="1"
5    android:versionName="1.0.0" >
6
7    <uses-sdk
8        android:minSdkVersion="31"
9        android:targetSdkVersion="35" />
10
11    <uses-permission android:name="android.permission.INTERNET" />
11-->src/main/AndroidManifest.xml:4:5-67
11-->src/main/AndroidManifest.xml:4:22-64
12    <uses-permission android:name="android.permission.ACCESS_FINE_LOCATION" />
12-->src/main/AndroidManifest.xml:5:5-79
12-->src/main/AndroidManifest.xml:5:22-76
13    <uses-permission android:name="android.permission.ACCESS_COARSE_LOCATION" />
13-->src/main/AndroidManifest.xml:6:5-81
13-->src/main/AndroidManifest.xml:6:22-78
14    <uses-permission android:name="android.permission.POST_NOTIFICATIONS" />
14-->src/main/AndroidManifest.xml:7:5-77
14-->src/main/AndroidManifest.xml:7:22-74
15    <uses-permission android:name="android.permission.RECEIVE_BOOT_COMPLETED" />
15-->src/main/AndroidManifest.xml:8:5-81
15-->src/main/AndroidManifest.xml:8:22-78
16    <uses-permission android:name="com.android.vending.BILLING" />
16-->[com.android.billingclient:billing-ktx:7.0.0] AndroidManifest.xml:9:5-67
16-->[com.android.billingclient:billing-ktx:7.0.0] AndroidManifest.xml:9:22-64
17
18    <queries>
18-->[com.android.billingclient:billing:7.0.0] AndroidManifest.xml:12:5-16:15
19        <intent>
19-->[com.android.billingclient:billing:7.0.0] AndroidManifest.xml:13:9-15:18
20            <action android:name="com.android.vending.billing.InAppBillingService.BIND" />
20-->[com.android.billingclient:billing:7.0.0] AndroidManifest.xml:14:13-91
20-->[com.android.billingclient:billing:7.0.0] AndroidManifest.xml:14:21-88
21        </intent>
22    </queries>
23
24    <uses-permission android:name="android.permission.ACCESS_NETWORK_STATE" />
24-->[com.google.firebase:firebase-config:22.0.0] AndroidManifest.xml:22:5-79
24-->[com.google.firebase:firebase-config:22.0.0] AndroidManifest.xml:22:22-76
25    <uses-permission android:name="android.permission.WAKE_LOCK" />
25-->[com.google.android.gms:play-services-measurement-api:22.0.1] AndroidManifest.xml:24:5-68
25-->[com.google.android.gms:play-services-measurement-api:22.0.1] AndroidManifest.xml:24:22-65
26    <uses-permission android:name="com.google.android.gms.permission.AD_ID" />
26-->[com.google.android.gms:play-services-measurement-api:22.0.1] AndroidManifest.xml:25:5-79
26-->[com.google.android.gms:play-services-measurement-api:22.0.1] AndroidManifest.xml:25:22-76
27    <uses-permission android:name="android.permission.ACCESS_ADSERVICES_ATTRIBUTION" />
27-->[com.google.android.gms:play-services-measurement-api:22.0.1] AndroidManifest.xml:26:5-88
27-->[com.google.android.gms:play-services-measurement-api:22.0.1] AndroidManifest.xml:26:22-85
28    <uses-permission android:name="android.permission.ACCESS_ADSERVICES_AD_ID" />
28-->[com.google.android.gms:play-services-measurement-api:22.0.1] AndroidManifest.xml:27:5-82
28-->[com.google.android.gms:play-services-measurement-api:22.0.1] AndroidManifest.xml:27:22-79
29    <uses-permission android:name="android.permission.FOREGROUND_SERVICE" />
29-->[androidx.work:work-runtime:2.9.0] AndroidManifest.xml:26:5-77
29-->[androidx.work:work-runtime:2.9.0] AndroidManifest.xml:26:22-74
30    <uses-permission android:name="com.google.android.finsky.permission.BIND_GET_INSTALL_REFERRER_SERVICE" />
30-->[com.google.android.gms:play-services-measurement:22.0.1] AndroidManifest.xml:26:5-110
30-->[com.google.android.gms:play-services-measurement:22.0.1] AndroidManifest.xml:26:22-107
31
32    <permission
32-->[androidx.core:core:1.13.1] AndroidManifest.xml:22:5-24:47
33        android:name="com.techmeeva.chogadiyawidgets.DYNAMIC_RECEIVER_NOT_EXPORTED_PERMISSION"
33-->[androidx.core:core:1.13.1] AndroidManifest.xml:23:9-81
34        android:protectionLevel="signature" />
34-->[androidx.core:core:1.13.1] AndroidManifest.xml:24:9-44
35
36    <uses-permission android:name="com.techmeeva.chogadiyawidgets.DYNAMIC_RECEIVER_NOT_EXPORTED_PERMISSION" />
36-->[androidx.core:core:1.13.1] AndroidManifest.xml:26:5-97
36-->[androidx.core:core:1.13.1] AndroidManifest.xml:26:22-94
37
38    <application
38-->src/main/AndroidManifest.xml:10:5-75:19
39        android:allowBackup="true"
39-->src/main/AndroidManifest.xml:11:9-35
40        android:appComponentFactory="androidx.core.app.CoreComponentFactory"
40-->[androidx.core:core:1.13.1] AndroidManifest.xml:28:18-86
41        android:extractNativeLibs="false"
42        android:icon="@mipmap/ic_launcher"
42-->src/main/AndroidManifest.xml:12:9-43
43        android:label="@string/app_name"
43-->src/main/AndroidManifest.xml:13:9-41
44        android:roundIcon="@mipmap/ic_launcher"
44-->src/main/AndroidManifest.xml:14:9-48
45        android:supportsRtl="true"
45-->src/main/AndroidManifest.xml:15:9-35
46        android:theme="@style/Theme.ChoghadiyaApp" >
46-->src/main/AndroidManifest.xml:16:9-51
47        <activity
47-->src/main/AndroidManifest.xml:17:9-25:20
48            android:name="com.techmeeva.chogadiyawidgets.MainActivity"
48-->src/main/AndroidManifest.xml:18:13-41
49            android:exported="true"
49-->src/main/AndroidManifest.xml:19:13-36
50            android:theme="@style/Theme.ChoghadiyaApp.Splash" >
50-->src/main/AndroidManifest.xml:20:13-62
51            <intent-filter>
51-->src/main/AndroidManifest.xml:21:13-24:29
52                <action android:name="android.intent.action.MAIN" />
52-->src/main/AndroidManifest.xml:22:17-69
52-->src/main/AndroidManifest.xml:22:25-66
53
54                <category android:name="android.intent.category.LAUNCHER" />
54-->src/main/AndroidManifest.xml:23:17-77
54-->src/main/AndroidManifest.xml:23:27-74
55            </intent-filter>
56        </activity>
57
58        <!-- Timeline Widget -->
59        <receiver
59-->src/main/AndroidManifest.xml:28:9-37:20
60            android:name="com.techmeeva.chogadiyawidgets.widget.TimelineWidgetProvider"
60-->src/main/AndroidManifest.xml:29:13-58
61            android:exported="true" >
61-->src/main/AndroidManifest.xml:30:13-36
62            <intent-filter>
62-->src/main/AndroidManifest.xml:31:13-33:29
63                <action android:name="android.appwidget.action.APPWIDGET_UPDATE" />
63-->src/main/AndroidManifest.xml:32:17-84
63-->src/main/AndroidManifest.xml:32:25-81
64            </intent-filter>
65
66            <meta-data
66-->src/main/AndroidManifest.xml:34:13-36:64
67                android:name="android.appwidget.provider"
67-->src/main/AndroidManifest.xml:35:17-58
68                android:resource="@xml/widget_timeline_info" />
68-->src/main/AndroidManifest.xml:36:17-61
69        </receiver>
70
71        <!-- Detail Card Widget -->
72        <receiver
72-->src/main/AndroidManifest.xml:40:9-49:20
73            android:name="com.techmeeva.chogadiyawidgets.widget.DetailCardWidgetProvider"
73-->src/main/AndroidManifest.xml:41:13-60
74            android:exported="true" >
74-->src/main/AndroidManifest.xml:42:13-36
75            <intent-filter>
75-->src/main/AndroidManifest.xml:31:13-33:29
76                <action android:name="android.appwidget.action.APPWIDGET_UPDATE" />
76-->src/main/AndroidManifest.xml:32:17-84
76-->src/main/AndroidManifest.xml:32:25-81
77            </intent-filter>
78
79            <meta-data
79-->src/main/AndroidManifest.xml:34:13-36:64
80                android:name="android.appwidget.provider"
80-->src/main/AndroidManifest.xml:35:17-58
81                android:resource="@xml/widget_detail_card_info" />
81-->src/main/AndroidManifest.xml:36:17-61
82        </receiver>
83
84        <!-- Large Widget -->
85        <receiver
85-->src/main/AndroidManifest.xml:52:9-61:20
86            android:name="com.techmeeva.chogadiyawidgets.widget.LargeWidgetProvider"
86-->src/main/AndroidManifest.xml:53:13-55
87            android:exported="true" >
87-->src/main/AndroidManifest.xml:54:13-36
88            <intent-filter>
88-->src/main/AndroidManifest.xml:31:13-33:29
89                <action android:name="android.appwidget.action.APPWIDGET_UPDATE" />
89-->src/main/AndroidManifest.xml:32:17-84
89-->src/main/AndroidManifest.xml:32:25-81
90            </intent-filter>
91
92            <meta-data
92-->src/main/AndroidManifest.xml:34:13-36:64
93                android:name="android.appwidget.provider"
93-->src/main/AndroidManifest.xml:35:17-58
94                android:resource="@xml/widget_large_info" />
94-->src/main/AndroidManifest.xml:36:17-61
95        </receiver>
96        <receiver
96-->src/main/AndroidManifest.xml:63:9-74:20
97            android:name="com.techmeeva.chogadiyawidgets.widget.WidgetRefreshReceiver"
97-->src/main/AndroidManifest.xml:64:13-57
98            android:exported="true" >
98-->src/main/AndroidManifest.xml:65:13-36
99            <intent-filter>
99-->src/main/AndroidManifest.xml:66:13-73:29
100                <action android:name="android.intent.action.BOOT_COMPLETED" />
100-->src/main/AndroidManifest.xml:67:17-79
100-->src/main/AndroidManifest.xml:67:25-76
101                <action android:name="android.intent.action.DATE_CHANGED" />
101-->src/main/AndroidManifest.xml:68:17-77
101-->src/main/AndroidManifest.xml:68:25-74
102                <action android:name="android.intent.action.LOCALE_CHANGED" />
102-->src/main/AndroidManifest.xml:69:17-79
102-->src/main/AndroidManifest.xml:69:25-76
103                <action android:name="android.intent.action.MY_PACKAGE_REPLACED" />
103-->src/main/AndroidManifest.xml:70:17-84
103-->src/main/AndroidManifest.xml:70:25-81
104                <action android:name="android.intent.action.TIMEZONE_CHANGED" />
104-->src/main/AndroidManifest.xml:71:17-81
104-->src/main/AndroidManifest.xml:71:25-78
105                <action android:name="android.intent.action.TIME_SET" />
105-->src/main/AndroidManifest.xml:72:17-73
105-->src/main/AndroidManifest.xml:72:25-70
106            </intent-filter>
107        </receiver>
108
109        <provider
109-->[androidx.emoji2:emoji2:1.3.0] AndroidManifest.xml:24:9-32:20
110            android:name="androidx.startup.InitializationProvider"
110-->[androidx.emoji2:emoji2:1.3.0] AndroidManifest.xml:25:13-67
111            android:authorities="com.techmeeva.chogadiyawidgets.androidx-startup"
111-->[androidx.emoji2:emoji2:1.3.0] AndroidManifest.xml:26:13-68
112            android:exported="false" >
112-->[androidx.emoji2:emoji2:1.3.0] AndroidManifest.xml:27:13-37
113            <meta-data
113-->[androidx.emoji2:emoji2:1.3.0] AndroidManifest.xml:29:13-31:52
114                android:name="androidx.emoji2.text.EmojiCompatInitializer"
114-->[androidx.emoji2:emoji2:1.3.0] AndroidManifest.xml:30:17-75
115                android:value="androidx.startup" />
115-->[androidx.emoji2:emoji2:1.3.0] AndroidManifest.xml:31:17-49
116            <meta-data
116-->[androidx.work:work-runtime:2.9.0] AndroidManifest.xml:34:13-36:52
117                android:name="androidx.work.WorkManagerInitializer"
117-->[androidx.work:work-runtime:2.9.0] AndroidManifest.xml:35:17-68
118                android:value="androidx.startup" />
118-->[androidx.work:work-runtime:2.9.0] AndroidManifest.xml:36:17-49
119            <meta-data
119-->[androidx.lifecycle:lifecycle-process:2.8.1] AndroidManifest.xml:29:13-31:52
120                android:name="androidx.lifecycle.ProcessLifecycleInitializer"
120-->[androidx.lifecycle:lifecycle-process:2.8.1] AndroidManifest.xml:30:17-78
121                android:value="androidx.startup" />
121-->[androidx.lifecycle:lifecycle-process:2.8.1] AndroidManifest.xml:31:17-49
122            <meta-data
122-->[androidx.profileinstaller:profileinstaller:1.3.1] AndroidManifest.xml:29:13-31:52
123                android:name="androidx.profileinstaller.ProfileInstallerInitializer"
123-->[androidx.profileinstaller:profileinstaller:1.3.1] AndroidManifest.xml:30:17-85
124                android:value="androidx.startup" />
124-->[androidx.profileinstaller:profileinstaller:1.3.1] AndroidManifest.xml:31:17-49
125        </provider>
126
127        <meta-data
127-->[com.android.billingclient:billing:7.0.0] AndroidManifest.xml:19:9-21:37
128            android:name="com.google.android.play.billingclient.version"
128-->[com.android.billingclient:billing:7.0.0] AndroidManifest.xml:20:13-73
129            android:value="7.0.0" />
129-->[com.android.billingclient:billing:7.0.0] AndroidManifest.xml:21:13-34
130
131        <activity
131-->[com.android.billingclient:billing:7.0.0] AndroidManifest.xml:23:9-27:75
132            android:name="com.android.billingclient.api.ProxyBillingActivity"
132-->[com.android.billingclient:billing:7.0.0] AndroidManifest.xml:24:13-78
133            android:configChanges="keyboard|keyboardHidden|screenLayout|screenSize|orientation"
133-->[com.android.billingclient:billing:7.0.0] AndroidManifest.xml:25:13-96
134            android:exported="false"
134-->[com.android.billingclient:billing:7.0.0] AndroidManifest.xml:26:13-37
135            android:theme="@android:style/Theme.Translucent.NoTitleBar" />
135-->[com.android.billingclient:billing:7.0.0] AndroidManifest.xml:27:13-72
136        <activity
136-->[com.android.billingclient:billing:7.0.0] AndroidManifest.xml:28:9-32:75
137            android:name="com.android.billingclient.api.ProxyBillingActivityV2"
137-->[com.android.billingclient:billing:7.0.0] AndroidManifest.xml:29:13-80
138            android:configChanges="keyboard|keyboardHidden|screenLayout|screenSize|orientation"
138-->[com.android.billingclient:billing:7.0.0] AndroidManifest.xml:30:13-96
139            android:exported="false"
139-->[com.android.billingclient:billing:7.0.0] AndroidManifest.xml:31:13-37
140            android:theme="@android:style/Theme.Translucent.NoTitleBar" />
140-->[com.android.billingclient:billing:7.0.0] AndroidManifest.xml:32:13-72
141        <activity
141-->[com.google.android.gms:play-services-base:18.3.0] AndroidManifest.xml:20:9-22:45
142            android:name="com.google.android.gms.common.api.GoogleApiActivity"
142-->[com.google.android.gms:play-services-base:18.3.0] AndroidManifest.xml:20:19-85
143            android:exported="false"
143-->[com.google.android.gms:play-services-base:18.3.0] AndroidManifest.xml:22:19-43
144            android:theme="@android:style/Theme.Translucent.NoTitleBar" />
144-->[com.google.android.gms:play-services-base:18.3.0] AndroidManifest.xml:21:19-78
145
146        <service
146-->[com.google.firebase:firebase-config-ktx:22.0.0] AndroidManifest.xml:9:9-15:19
147            android:name="com.google.firebase.components.ComponentDiscoveryService"
147-->[com.google.firebase:firebase-config-ktx:22.0.0] AndroidManifest.xml:10:13-84
148            android:directBootAware="true"
148-->[com.google.firebase:firebase-common:21.0.0] AndroidManifest.xml:32:13-43
149            android:exported="false" >
149-->[com.google.firebase:firebase-config-ktx:22.0.0] AndroidManifest.xml:11:13-37
150            <meta-data
150-->[com.google.firebase:firebase-config-ktx:22.0.0] AndroidManifest.xml:12:13-14:85
151                android:name="com.google.firebase.components:com.google.firebase.remoteconfig.ktx.FirebaseConfigLegacyRegistrar"
151-->[com.google.firebase:firebase-config-ktx:22.0.0] AndroidManifest.xml:13:17-129
152                android:value="com.google.firebase.components.ComponentRegistrar" />
152-->[com.google.firebase:firebase-config-ktx:22.0.0] AndroidManifest.xml:14:17-82
153            <meta-data
153-->[com.google.firebase:firebase-config:22.0.0] AndroidManifest.xml:29:13-31:85
154                android:name="com.google.firebase.components:com.google.firebase.remoteconfig.FirebaseRemoteConfigKtxRegistrar"
154-->[com.google.firebase:firebase-config:22.0.0] AndroidManifest.xml:30:17-128
155                android:value="com.google.firebase.components.ComponentRegistrar" />
155-->[com.google.firebase:firebase-config:22.0.0] AndroidManifest.xml:31:17-82
156            <meta-data
156-->[com.google.firebase:firebase-config:22.0.0] AndroidManifest.xml:32:13-34:85
157                android:name="com.google.firebase.components:com.google.firebase.remoteconfig.RemoteConfigRegistrar"
157-->[com.google.firebase:firebase-config:22.0.0] AndroidManifest.xml:33:17-117
158                android:value="com.google.firebase.components.ComponentRegistrar" />
158-->[com.google.firebase:firebase-config:22.0.0] AndroidManifest.xml:34:17-82
159            <meta-data
159-->[com.google.firebase:firebase-abt:21.1.1] AndroidManifest.xml:12:13-14:85
160                android:name="com.google.firebase.components:com.google.firebase.abt.component.AbtRegistrar"
160-->[com.google.firebase:firebase-abt:21.1.1] AndroidManifest.xml:13:17-109
161                android:value="com.google.firebase.components.ComponentRegistrar" />
161-->[com.google.firebase:firebase-abt:21.1.1] AndroidManifest.xml:14:17-82
162            <meta-data
162-->[com.google.firebase:firebase-crashlytics-ktx:19.0.1] AndroidManifest.xml:24:13-26:85
163                android:name="com.google.firebase.components:com.google.firebase.crashlytics.ktx.FirebaseCrashlyticsKtxRegistrar"
163-->[com.google.firebase:firebase-crashlytics-ktx:19.0.1] AndroidManifest.xml:25:17-130
164                android:value="com.google.firebase.components.ComponentRegistrar" />
164-->[com.google.firebase:firebase-crashlytics-ktx:19.0.1] AndroidManifest.xml:26:17-82
165            <meta-data
165-->[com.google.firebase:firebase-analytics-ktx:22.0.1] AndroidManifest.xml:11:13-13:85
166                android:name="com.google.firebase.components:com.google.firebase.analytics.ktx.FirebaseAnalyticsLegacyRegistrar"
166-->[com.google.firebase:firebase-analytics-ktx:22.0.1] AndroidManifest.xml:12:17-129
167                android:value="com.google.firebase.components.ComponentRegistrar" />
167-->[com.google.firebase:firebase-analytics-ktx:22.0.1] AndroidManifest.xml:13:17-82
168            <meta-data
168-->[com.google.firebase:firebase-crashlytics:19.0.1] AndroidManifest.xml:15:13-17:85
169                android:name="com.google.firebase.components:com.google.firebase.crashlytics.FirebaseCrashlyticsKtxRegistrar"
169-->[com.google.firebase:firebase-crashlytics:19.0.1] AndroidManifest.xml:16:17-126
170                android:value="com.google.firebase.components.ComponentRegistrar" />
170-->[com.google.firebase:firebase-crashlytics:19.0.1] AndroidManifest.xml:17:17-82
171            <meta-data
171-->[com.google.firebase:firebase-crashlytics:19.0.1] AndroidManifest.xml:18:13-20:85
172                android:name="com.google.firebase.components:com.google.firebase.crashlytics.CrashlyticsRegistrar"
172-->[com.google.firebase:firebase-crashlytics:19.0.1] AndroidManifest.xml:19:17-115
173                android:value="com.google.firebase.components.ComponentRegistrar" />
173-->[com.google.firebase:firebase-crashlytics:19.0.1] AndroidManifest.xml:20:17-82
174            <meta-data
174-->[com.google.firebase:firebase-sessions:2.0.1] AndroidManifest.xml:29:13-31:85
175                android:name="com.google.firebase.components:com.google.firebase.sessions.FirebaseSessionsRegistrar"
175-->[com.google.firebase:firebase-sessions:2.0.1] AndroidManifest.xml:30:17-117
176                android:value="com.google.firebase.components.ComponentRegistrar" />
176-->[com.google.firebase:firebase-sessions:2.0.1] AndroidManifest.xml:31:17-82
177            <meta-data
177-->[com.google.android.gms:play-services-measurement-api:22.0.1] AndroidManifest.xml:37:13-39:85
178                android:name="com.google.firebase.components:com.google.firebase.analytics.connector.internal.AnalyticsConnectorRegistrar"
178-->[com.google.android.gms:play-services-measurement-api:22.0.1] AndroidManifest.xml:38:17-139
179                android:value="com.google.firebase.components.ComponentRegistrar" />
179-->[com.google.android.gms:play-services-measurement-api:22.0.1] AndroidManifest.xml:39:17-82
180            <meta-data
180-->[com.google.firebase:firebase-installations:18.0.0] AndroidManifest.xml:15:13-17:85
181                android:name="com.google.firebase.components:com.google.firebase.installations.FirebaseInstallationsKtxRegistrar"
181-->[com.google.firebase:firebase-installations:18.0.0] AndroidManifest.xml:16:17-130
182                android:value="com.google.firebase.components.ComponentRegistrar" />
182-->[com.google.firebase:firebase-installations:18.0.0] AndroidManifest.xml:17:17-82
183            <meta-data
183-->[com.google.firebase:firebase-installations:18.0.0] AndroidManifest.xml:18:13-20:85
184                android:name="com.google.firebase.components:com.google.firebase.installations.FirebaseInstallationsRegistrar"
184-->[com.google.firebase:firebase-installations:18.0.0] AndroidManifest.xml:19:17-127
185                android:value="com.google.firebase.components.ComponentRegistrar" />
185-->[com.google.firebase:firebase-installations:18.0.0] AndroidManifest.xml:20:17-82
186            <meta-data
186-->[com.google.firebase:firebase-common-ktx:21.0.0] AndroidManifest.xml:12:13-14:85
187                android:name="com.google.firebase.components:com.google.firebase.ktx.FirebaseCommonLegacyRegistrar"
187-->[com.google.firebase:firebase-common-ktx:21.0.0] AndroidManifest.xml:13:17-116
188                android:value="com.google.firebase.components.ComponentRegistrar" />
188-->[com.google.firebase:firebase-common-ktx:21.0.0] AndroidManifest.xml:14:17-82
189            <meta-data
189-->[com.google.firebase:firebase-common:21.0.0] AndroidManifest.xml:35:13-37:85
190                android:name="com.google.firebase.components:com.google.firebase.FirebaseCommonKtxRegistrar"
190-->[com.google.firebase:firebase-common:21.0.0] AndroidManifest.xml:36:17-109
191                android:value="com.google.firebase.components.ComponentRegistrar" />
191-->[com.google.firebase:firebase-common:21.0.0] AndroidManifest.xml:37:17-82
192            <meta-data
192-->[com.google.firebase:firebase-datatransport:18.1.8] AndroidManifest.xml:27:13-29:85
193                android:name="com.google.firebase.components:com.google.firebase.datatransport.TransportRegistrar"
193-->[com.google.firebase:firebase-datatransport:18.1.8] AndroidManifest.xml:28:17-115
194                android:value="com.google.firebase.components.ComponentRegistrar" />
194-->[com.google.firebase:firebase-datatransport:18.1.8] AndroidManifest.xml:29:17-82
195        </service>
196        <service
196-->[com.google.firebase:firebase-sessions:2.0.1] AndroidManifest.xml:22:9-25:40
197            android:name="com.google.firebase.sessions.SessionLifecycleService"
197-->[com.google.firebase:firebase-sessions:2.0.1] AndroidManifest.xml:23:13-80
198            android:enabled="true"
198-->[com.google.firebase:firebase-sessions:2.0.1] AndroidManifest.xml:24:13-35
199            android:exported="false" />
199-->[com.google.firebase:firebase-sessions:2.0.1] AndroidManifest.xml:25:13-37
200
201        <property
201-->[com.google.android.gms:play-services-measurement-api:22.0.1] AndroidManifest.xml:30:9-32:61
202            android:name="android.adservices.AD_SERVICES_CONFIG"
202-->[com.google.android.gms:play-services-measurement-api:22.0.1] AndroidManifest.xml:31:13-65
203            android:resource="@xml/ga_ad_services_config" />
203-->[com.google.android.gms:play-services-measurement-api:22.0.1] AndroidManifest.xml:32:13-58
204
205        <provider
205-->[com.google.firebase:firebase-common:21.0.0] AndroidManifest.xml:23:9-28:39
206            android:name="com.google.firebase.provider.FirebaseInitProvider"
206-->[com.google.firebase:firebase-common:21.0.0] AndroidManifest.xml:24:13-77
207            android:authorities="com.techmeeva.chogadiyawidgets.firebaseinitprovider"
207-->[com.google.firebase:firebase-common:21.0.0] AndroidManifest.xml:25:13-72
208            android:directBootAware="true"
208-->[com.google.firebase:firebase-common:21.0.0] AndroidManifest.xml:26:13-43
209            android:exported="false"
209-->[com.google.firebase:firebase-common:21.0.0] AndroidManifest.xml:27:13-37
210            android:initOrder="100" />
210-->[com.google.firebase:firebase-common:21.0.0] AndroidManifest.xml:28:13-36
211
212        <service
212-->[androidx.room:room-runtime:2.6.1] AndroidManifest.xml:24:9-28:63
213            android:name="androidx.room.MultiInstanceInvalidationService"
213-->[androidx.room:room-runtime:2.6.1] AndroidManifest.xml:25:13-74
214            android:directBootAware="true"
214-->[androidx.room:room-runtime:2.6.1] AndroidManifest.xml:26:13-43
215            android:exported="false" />
215-->[androidx.room:room-runtime:2.6.1] AndroidManifest.xml:27:13-37
216        <service
216-->[androidx.work:work-runtime:2.9.0] AndroidManifest.xml:39:9-45:35
217            android:name="androidx.work.impl.background.systemalarm.SystemAlarmService"
217-->[androidx.work:work-runtime:2.9.0] AndroidManifest.xml:40:13-88
218            android:directBootAware="false"
218-->[androidx.work:work-runtime:2.9.0] AndroidManifest.xml:41:13-44
219            android:enabled="@bool/enable_system_alarm_service_default"
219-->[androidx.work:work-runtime:2.9.0] AndroidManifest.xml:42:13-72
220            android:exported="false" />
220-->[androidx.work:work-runtime:2.9.0] AndroidManifest.xml:43:13-37
221        <service
221-->[androidx.work:work-runtime:2.9.0] AndroidManifest.xml:46:9-52:35
222            android:name="androidx.work.impl.background.systemjob.SystemJobService"
222-->[androidx.work:work-runtime:2.9.0] AndroidManifest.xml:47:13-84
223            android:directBootAware="false"
223-->[androidx.work:work-runtime:2.9.0] AndroidManifest.xml:48:13-44
224            android:enabled="@bool/enable_system_job_service_default"
224-->[androidx.work:work-runtime:2.9.0] AndroidManifest.xml:49:13-70
225            android:exported="true"
225-->[androidx.work:work-runtime:2.9.0] AndroidManifest.xml:50:13-36
226            android:permission="android.permission.BIND_JOB_SERVICE" />
226-->[androidx.work:work-runtime:2.9.0] AndroidManifest.xml:51:13-69
227        <service
227-->[androidx.work:work-runtime:2.9.0] AndroidManifest.xml:53:9-59:35
228            android:name="androidx.work.impl.foreground.SystemForegroundService"
228-->[androidx.work:work-runtime:2.9.0] AndroidManifest.xml:54:13-81
229            android:directBootAware="false"
229-->[androidx.work:work-runtime:2.9.0] AndroidManifest.xml:55:13-44
230            android:enabled="@bool/enable_system_foreground_service_default"
230-->[androidx.work:work-runtime:2.9.0] AndroidManifest.xml:56:13-77
231            android:exported="false" />
231-->[androidx.work:work-runtime:2.9.0] AndroidManifest.xml:57:13-37
232
233        <receiver
233-->[androidx.work:work-runtime:2.9.0] AndroidManifest.xml:61:9-66:35
234            android:name="androidx.work.impl.utils.ForceStopRunnable$BroadcastReceiver"
234-->[androidx.work:work-runtime:2.9.0] AndroidManifest.xml:62:13-88
235            android:directBootAware="false"
235-->[androidx.work:work-runtime:2.9.0] AndroidManifest.xml:63:13-44
236            android:enabled="true"
236-->[androidx.work:work-runtime:2.9.0] AndroidManifest.xml:64:13-35
237            android:exported="false" />
237-->[androidx.work:work-runtime:2.9.0] AndroidManifest.xml:65:13-37
238        <receiver
238-->[androidx.work:work-runtime:2.9.0] AndroidManifest.xml:67:9-77:20
239            android:name="androidx.work.impl.background.systemalarm.ConstraintProxy$BatteryChargingProxy"
239-->[androidx.work:work-runtime:2.9.0] AndroidManifest.xml:68:13-106
240            android:directBootAware="false"
240-->[androidx.work:work-runtime:2.9.0] AndroidManifest.xml:69:13-44
241            android:enabled="false"
241-->[androidx.work:work-runtime:2.9.0] AndroidManifest.xml:70:13-36
242            android:exported="false" >
242-->[androidx.work:work-runtime:2.9.0] AndroidManifest.xml:71:13-37
243            <intent-filter>
243-->[androidx.work:work-runtime:2.9.0] AndroidManifest.xml:73:13-76:29
244                <action android:name="android.intent.action.ACTION_POWER_CONNECTED" />
244-->[androidx.work:work-runtime:2.9.0] AndroidManifest.xml:74:17-87
244-->[androidx.work:work-runtime:2.9.0] AndroidManifest.xml:74:25-84
245                <action android:name="android.intent.action.ACTION_POWER_DISCONNECTED" />
245-->[androidx.work:work-runtime:2.9.0] AndroidManifest.xml:75:17-90
245-->[androidx.work:work-runtime:2.9.0] AndroidManifest.xml:75:25-87
246            </intent-filter>
247        </receiver>
248        <receiver
248-->[androidx.work:work-runtime:2.9.0] AndroidManifest.xml:78:9-88:20
249            android:name="androidx.work.impl.background.systemalarm.ConstraintProxy$BatteryNotLowProxy"
249-->[androidx.work:work-runtime:2.9.0] AndroidManifest.xml:79:13-104
250            android:directBootAware="false"
250-->[androidx.work:work-runtime:2.9.0] AndroidManifest.xml:80:13-44
251            android:enabled="false"
251-->[androidx.work:work-runtime:2.9.0] AndroidManifest.xml:81:13-36
252            android:exported="false" >
252-->[androidx.work:work-runtime:2.9.0] AndroidManifest.xml:82:13-37
253            <intent-filter>
253-->[androidx.work:work-runtime:2.9.0] AndroidManifest.xml:84:13-87:29
254                <action android:name="android.intent.action.BATTERY_OKAY" />
254-->[androidx.work:work-runtime:2.9.0] AndroidManifest.xml:85:17-77
254-->[androidx.work:work-runtime:2.9.0] AndroidManifest.xml:85:25-74
255                <action android:name="android.intent.action.BATTERY_LOW" />
255-->[androidx.work:work-runtime:2.9.0] AndroidManifest.xml:86:17-76
255-->[androidx.work:work-runtime:2.9.0] AndroidManifest.xml:86:25-73
256            </intent-filter>
257        </receiver>
258        <receiver
258-->[androidx.work:work-runtime:2.9.0] AndroidManifest.xml:89:9-99:20
259            android:name="androidx.work.impl.background.systemalarm.ConstraintProxy$StorageNotLowProxy"